SF:lib/src/providers/userLocator.dart
DA:16,4
DA:17,7
DA:18,4
DA:21,4
DA:22,4
DA:23,13
DA:24,6
DA:25,1
DA:26,1
DA:29,1
DA:30,1
DA:31,5
DA:32,1
DA:35,3
DA:36,3
DA:38,5
DA:39,9
DA:40,0
DA:41,0
DA:42,0
DA:44,6
DA:46,0
DA:51,0
DA:52,0
DA:55,0
DA:56,0
DA:57,0
LF:27
LH:18
end_of_record
SF:lib/src/services/geolocatorService.dart
DA:4,3
DA:5,6
LF:2
LH:2
end_of_record
SF:lib/src/models/user.dart
DA:13,1
DA:22,1
DA:23,1
DA:24,1
DA:25,1
DA:26,1
DA:27,1
DA:28,1
DA:29,2
DA:30,1
DA:33,0
DA:37,1
DA:38,1
DA:39,1
DA:40,1
DA:41,1
DA:42,1
DA:43,1
LF:18
LH:17
end_of_record
SF:lib/src/models/payment.dart
DA:11,1
DA:19,1
DA:20,1
DA:21,1
DA:22,1
DA:23,1
DA:24,2
DA:25,1
DA:26,1
DA:29,1
DA:30,1
DA:31,1
DA:32,1
DA:33,1
DA:34,1
DA:35,1
DA:36,1
LF:17
LH:17
end_of_record
SF:lib/src/models/rating.dart
DA:4,1
DA:13,1
DA:15,1
DA:16,1
DA:17,1
DA:18,1
DA:22,1
DA:23,1
DA:24,1
DA:25,1
DA:26,1
LF:11
LH:11
end_of_record
SF:lib/src/models/restaurant.dart
DA:14,2
DA:24,2
DA:25,2
DA:26,2
DA:27,2
DA:28,2
DA:29,4
DA:30,4
DA:31,2
DA:32,2
DA:33,2
DA:36,2
DA:37,2
DA:38,2
DA:39,2
DA:40,2
DA:41,2
DA:42,2
DA:43,2
DA:44,2
DA:45,2
DA:49,1
DA:50,1
DA:51,1
DA:52,1
DA:53,1
DA:54,1
DA:56,1
LF:28
LH:28
end_of_record
SF:lib/src/models/cart.dart
DA:9,5
DA:17,1
DA:18,1
DA:19,1
DA:20,1
DA:21,1
DA:22,1
DA:23,1
DA:24,1
DA:28,4
DA:29,2
DA:30,2
DA:31,2
DA:32,2
DA:33,2
DA:34,2
DA:47,2
DA:50,2
DA:51,2
DA:52,2
DA:53,2
DA:54,2
DA:55,2
DA:56,2
DA:57,2
DA:58,2
DA:61,4
DA:62,2
DA:63,2
DA:64,2
DA:65,2
DA:66,2
DA:67,2
DA:68,2
LF:34
LH:34
end_of_record
SF:lib/src/providers/cartProvider.dart
DA:27,0
DA:28,0
DA:30,0
DA:32,0
DA:34,0
DA:36,8
DA:38,6
DA:40,0
DA:42,0
DA:43,0
DA:44,0
DA:47,0
DA:48,0
DA:51,0
DA:52,0
DA:55,0
DA:56,0
DA:59,3
DA:60,6
DA:61,12
DA:62,3
DA:65,6
DA:66,9
DA:67,15
DA:68,21
DA:69,6
DA:71,6
DA:72,12
DA:73,6
DA:76,3
DA:79,1
DA:80,5
DA:81,2
DA:82,2
DA:83,1
DA:86,1
DA:87,2
DA:89,1
DA:90,2
DA:91,2
DA:92,2
DA:93,0
DA:95,0
DA:97,0
DA:98,0
DA:99,0
DA:100,0
DA:101,0
DA:102,0
DA:103,0
DA:104,0
DA:106,0
DA:110,0
DA:111,0
DA:112,0
DA:113,0
DA:114,0
DA:115,0
DA:116,0
DA:117,0
DA:118,0
DA:119,0
DA:122,0
DA:123,0
DA:124,0
DA:127,1
DA:128,1
DA:129,1
DA:130,2
DA:133,3
DA:134,12
DA:135,3
DA:140,4
DA:141,6
DA:145,1
DA:146,5
DA:147,0
DA:150,2
DA:152,1
DA:153,0
DA:155,7
DA:156,3
DA:159,1
DA:162,1
DA:163,2
DA:166,0
DA:167,0
DA:168,0
DA:169,0
DA:172,0
DA:174,0
DA:176,0
DA:177,0
DA:178,0
DA:179,0
DA:185,4
DA:186,4
DA:187,13
DA:188,9
DA:190,12
DA:191,4
DA:194,0
DA:195,0
DA:198,0
DA:199,0
DA:200,0
DA:201,0
DA:202,0
LF:108
LH:50
end_of_record
SF:lib/src/utilities/numbers.dart
DA:2,6
DA:3,18
LF:2
LH:2
end_of_record
SF:lib/src/services/firestoreCarts.dart
DA:8,6
DA:10,1
DA:12,10
DA:18,1
DA:19,1
DA:20,1
DA:21,1
DA:22,1
DA:23,1
DA:24,4
DA:25,2
DA:29,1
DA:30,1
DA:32,6
DA:36,1
DA:37,4
DA:40,2
DA:41,2
DA:42,2
DA:43,2
DA:44,2
DA:45,2
DA:46,2
DA:47,3
DA:48,6
LF:25
LH:25
end_of_record
SF:lib/src/styles/themeColors.dart
DA:4,8
DA:5,24
DA:6,12
DA:7,0
DA:8,24
DA:9,12
DA:10,16
DA:12,6
DA:13,6
DA:14,6
DA:15,6
LF:11
LH:10
end_of_record
SF:lib/src/models/foodItem.dart
DA:10,3
DA:17,2
DA:18,2
DA:19,2
DA:20,2
DA:21,2
DA:22,2
DA:23,2
DA:27,2
DA:28,2
DA:29,2
DA:30,2
DA:31,2
DA:32,2
DA:33,2
LF:15
LH:15
end_of_record
SF:lib/src/models/order.dart
DA:18,2
DA:32,1
DA:33,1
DA:34,1
DA:35,1
DA:36,1
DA:37,1
DA:38,1
DA:39,1
DA:40,1
DA:41,1
DA:42,1
DA:43,1
DA:44,1
DA:48,2
DA:49,2
DA:50,2
DA:51,2
DA:52,2
DA:53,2
DA:54,2
DA:55,2
DA:56,2
DA:57,4
DA:58,2
DA:59,2
DA:60,2
LF:27
LH:27
end_of_record
SF:lib/src/utilities/priceCalculation.dart
DA:6,4
DA:8,1
DA:9,1
DA:15,4
DA:18,4
DA:19,4
DA:20,1
DA:21,1
LF:8
LH:8
end_of_record
SF:lib/src/services/firestoreRestaurants.dart
DA:10,3
DA:12,1
DA:13,1
DA:15,4
DA:16,4
DA:23,1
DA:24,1
DA:26,1
DA:27,1
DA:28,2
DA:29,2
DA:33,1
DA:34,1
DA:35,1
DA:36,1
DA:37,1
DA:38,1
DA:39,4
DA:43,1
DA:44,4
DA:47,2
DA:48,2
DA:49,9
DA:50,6
DA:53,1
DA:55,1
DA:56,2
DA:57,1
DA:58,1
DA:59,1
DA:60,1
DA:61,3
DA:62,4
DA:63,1
DA:64,2
DA:65,1
DA:66,1
DA:67,1
DA:68,1
DA:69,3
DA:70,4
DA:71,1
DA:72,2
DA:73,1
DA:74,1
DA:75,1
DA:76,1
DA:77,1
DA:78,3
DA:79,4
DA:80,1
DA:82,5
DA:83,6
DA:87,1
DA:88,1
DA:89,1
DA:90,1
DA:91,1
DA:92,1
DA:93,3
DA:94,4
DA:95,1
DA:99,2
DA:100,2
DA:102,4
DA:103,0
DA:105,0
DA:106,0
DA:107,0
DA:108,0
DA:109,0
DA:110,0
DA:111,0
DA:112,0
DA:115,2
DA:118,1
DA:119,4
DA:121,3
DA:122,2
DA:124,1
DA:125,1
DA:127,1
DA:130,3
DA:132,1
DA:133,1
LF:85
LH:76
end_of_record
SF:lib/src/blocs/auth_blocs.dart
DA:10,0
DA:11,3
DA:13,0
DA:16,0
DA:17,0
DA:18,0
DA:19,0
DA:20,0
DA:24,0
DA:28,0
DA:29,0
DA:34,0
DA:35,0
LF:13
LH:1
end_of_record
SF:lib/src/services/userAuth.dart
DA:5,3
DA:7,0
DA:10,0
DA:11,0
DA:13,0
DA:18,0
DA:19,0
DA:23,0
DA:25,0
DA:26,3
DA:28,1
DA:30,2
DA:32,1
DA:34,1
DA:37,3
DA:41,1
DA:42,1
DA:46,1
DA:49,1
DA:50,1
DA:51,1
DA:52,1
DA:53,1
DA:55,1
DA:57,1
DA:59,1
DA:61,1
DA:63,1
DA:66,3
DA:70,1
DA:71,1
LF:31
LH:23
end_of_record
SF:lib/src/providers/menuProvider.dart
DA:19,2
DA:20,2
DA:21,2
DA:22,2
DA:23,2
DA:24,0
DA:27,0
DA:28,0
DA:32,0
DA:33,0
DA:34,0
DA:36,0
DA:39,0
DA:40,0
DA:41,0
DA:42,0
DA:43,0
DA:45,0
DA:46,0
DA:47,0
DA:48,0
DA:49,0
DA:50,0
DA:51,0
DA:54,1
DA:55,2
DA:56,2
DA:57,2
DA:58,2
DA:59,2
DA:60,1
DA:63,0
DA:64,0
LF:33
LH:12
end_of_record
SF:lib/src/services/firestoreMenu.dart
DA:7,3
DA:9,1
DA:11,4
DA:16,1
DA:17,1
DA:18,1
DA:19,1
DA:20,1
DA:21,1
DA:22,1
DA:23,2
DA:24,6
DA:28,1
DA:29,1
DA:31,1
DA:32,1
DA:33,1
DA:34,1
DA:35,2
DA:36,2
DA:40,1
DA:41,1
DA:42,1
DA:43,1
DA:44,1
DA:45,1
DA:46,1
LF:27
LH:27
end_of_record
SF:lib/src/providers/orderProvider.dart
DA:36,6
DA:37,0
DA:38,0
DA:39,0
DA:40,0
DA:41,0
DA:42,0
DA:43,0
DA:44,0
DA:46,0
DA:47,0
DA:48,6
DA:50,0
DA:51,0
DA:52,0
DA:55,0
DA:58,0
DA:59,0
DA:64,1
DA:65,3
DA:66,2
DA:67,2
DA:68,2
DA:69,1
DA:70,2
DA:71,2
DA:72,2
DA:73,2
DA:74,2
DA:76,2
DA:77,2
DA:78,2
DA:80,1
DA:82,3
DA:83,1
DA:84,1
DA:85,1
DA:86,1
DA:88,1
DA:89,1
DA:90,1
DA:91,1
DA:92,1
DA:93,1
DA:94,1
DA:95,1
DA:96,1
DA:97,1
DA:98,1
DA:99,1
DA:102,1
DA:103,1
DA:104,1
DA:105,1
DA:108,2
DA:109,6
DA:110,0
DA:111,0
DA:112,0
DA:113,0
DA:114,0
DA:115,0
DA:116,0
DA:117,0
DA:118,0
DA:119,0
DA:120,0
DA:121,0
DA:124,0
DA:125,0
DA:126,0
DA:127,0
DA:128,0
DA:129,0
DA:130,0
DA:131,0
DA:132,0
DA:133,0
DA:134,0
DA:135,0
DA:136,0
DA:139,0
DA:140,0
DA:141,0
DA:143,0
DA:144,0
DA:147,0
DA:148,0
DA:149,0
DA:150,0
DA:151,0
DA:152,0
DA:153,0
DA:154,0
DA:155,0
DA:156,0
DA:157,0
DA:158,0
DA:161,0
DA:162,0
DA:163,0
DA:164,0
DA:165,0
DA:166,0
DA:168,0
DA:169,0
DA:170,0
DA:171,0
DA:173,0
DA:174,0
DA:177,0
DA:180,0
DA:181,0
DA:182,0
DA:184,0
DA:186,0
DA:189,0
DA:190,0
DA:193,0
DA:194,0
DA:195,0
DA:197,0
DA:198,0
DA:199,0
DA:200,0
DA:201,0
DA:202,0
DA:203,0
DA:204,0
DA:205,0
DA:206,0
DA:207,0
DA:208,0
DA:211,0
DA:212,0
DA:213,0
DA:214,0
DA:217,2
DA:218,4
DA:219,2
DA:220,4
DA:223,3
DA:224,6
DA:225,4
DA:226,6
DA:229,0
DA:230,0
DA:231,0
DA:232,0
DA:235,1
DA:236,2
DA:237,2
DA:238,3
DA:241,0
DA:242,0
DA:243,0
DA:246,1
DA:247,1
DA:251,0
DA:252,0
DA:256,0
DA:257,0
DA:260,0
DA:262,0
DA:264,0
DA:265,0
DA:266,0
LF:167
LH:54
end_of_record
SF:lib/src/services/firestoreOrders.dart
DA:12,1
DA:13,1
DA:14,1
DA:15,1
DA:16,2
DA:17,2
DA:21,0
DA:22,0
DA:26,2
DA:27,2
DA:28,2
DA:29,2
DA:30,2
DA:31,2
DA:32,2
DA:36,0
DA:38,0
DA:39,0
DA:40,0
DA:41,0
DA:42,0
DA:43,0
DA:44,0
DA:45,0
DA:46,0
DA:47,0
DA:51,0
DA:52,0
DA:53,0
DA:54,0
DA:55,0
DA:56,0
DA:57,0
DA:58,0
DA:59,0
DA:60,0
DA:61,0
DA:62,0
DA:63,0
DA:67,0
DA:68,0
DA:69,0
DA:71,0
DA:72,0
DA:73,0
DA:74,0
DA:78,0
DA:79,0
DA:80,0
DA:82,0
DA:83,0
DA:84,0
DA:85,0
DA:88,3
DA:89,3
DA:90,6
DA:92,3
DA:93,6
DA:94,3
DA:95,3
LF:60
LH:20
end_of_record
SF:lib/src/services/firestoreUsers.dart
DA:16,0
DA:17,0
DA:18,0
DA:19,0
DA:20,0
DA:21,0
DA:25,0
DA:26,0
DA:27,0
DA:28,0
DA:29,0
DA:30,0
DA:31,0
DA:35,0
DA:36,0
DA:38,0
DA:39,0
DA:40,0
DA:41,0
DA:44,0
DA:45,0
DA:47,0
DA:48,0
DA:49,0
DA:50,0
DA:54,0
DA:55,0
DA:56,0
DA:58,0
DA:59,0
DA:60,0
DA:61,0
DA:65,0
DA:66,0
DA:67,0
DA:68,0
DA:70,0
DA:71,0
DA:72,0
DA:73,0
DA:77,0
DA:78,0
DA:79,0
DA:80,0
DA:82,0
DA:83,0
DA:84,0
DA:85,0
DA:88,2
DA:89,6
DA:90,0
DA:93,0
DA:94,0
DA:95,0
DA:96,0
DA:97,0
DA:99,0
DA:105,2
DA:106,4
DA:107,0
DA:108,0
LF:61
LH:4
end_of_record
SF:lib/src/utilities/statusEnums.dart
DA:1,14
LF:1
LH:1
end_of_record
SF:lib/src/providers/paymentProvider.dart
DA:19,6
DA:21,2
DA:22,4
DA:23,0
DA:24,0
DA:25,0
DA:26,0
DA:27,0
DA:28,0
DA:29,0
DA:31,0
DA:32,0
DA:33,0
DA:34,0
DA:35,0
DA:36,0
DA:37,0
DA:38,0
LF:18
LH:3
end_of_record
SF:lib/src/services/firestorePayments.dart
DA:7,0
DA:8,0
DA:9,0
DA:10,0
DA:11,0
DA:12,0
DA:13,0
DA:14,0
DA:17,0
DA:18,0
DA:20,0
DA:21,0
DA:22,0
DA:23,0
LF:14
LH:0
end_of_record
SF:lib/src/providers/ratingProvider.dart
DA:15,0
DA:21,0
DA:23,0
DA:27,0
DA:28,0
DA:29,0
DA:30,0
DA:32,0
DA:33,0
DA:34,0
DA:35,0
DA:36,0
LF:12
LH:0
end_of_record
SF:lib/src/services/firestoreRatings.dart
DA:8,0
DA:9,0
DA:12,0
DA:13,0
DA:17,0
DA:18,0
DA:19,0
DA:20,0
DA:21,0
DA:22,0
DA:23,0
DA:27,0
DA:29,0
DA:30,0
DA:31,0
DA:32,0
DA:33,0
DA:34,0
DA:35,0
LF:19
LH:0
end_of_record
SF:lib/src/providers/restaurantProvider.dart
DA:23,0
DA:24,0
DA:25,0
DA:26,0
DA:27,0
DA:28,0
DA:29,0
DA:30,0
DA:31,1
DA:32,2
DA:35,0
DA:36,0
DA:37,0
DA:41,0
DA:43,0
DA:44,0
DA:47,1
DA:48,2
DA:51,0
DA:52,0
DA:55,0
DA:56,0
DA:59,0
DA:60,0
DA:63,0
DA:65,0
DA:66,0
DA:67,0
DA:68,0
DA:72,0
DA:76,0
DA:77,0
DA:78,0
DA:80,0
DA:83,0
DA:84,0
DA:85,0
DA:86,0
DA:87,0
DA:88,0
DA:89,0
DA:91,0
DA:92,0
DA:93,0
DA:94,0
DA:95,0
DA:96,0
DA:97,0
DA:98,0
DA:99,0
DA:100,0
DA:103,0
DA:104,0
DA:105,0
DA:106,0
DA:107,0
DA:108,0
DA:109,0
DA:110,0
DA:111,0
DA:112,0
DA:115,0
DA:116,0
DA:119,0
DA:120,0
LF:65
LH:4
end_of_record
SF:lib/src/screens/authentication/login.dart
DA:18,1
DA:19,1
DA:27,1
DA:29,1
DA:30,1
DA:31,1
DA:33,1
DA:37,1
DA:38,2
DA:39,1
DA:43,0
DA:44,0
DA:46,1
DA:47,1
DA:51,0
DA:52,0
DA:55,1
DA:56,1
DA:57,1
DA:58,1
DA:60,1
DA:62,1
DA:63,1
DA:66,1
DA:67,1
DA:70,0
DA:71,0
DA:72,0
DA:73,0
DA:74,0
DA:75,0
DA:77,0
DA:78,0
DA:81,0
DA:89,1
DA:90,1
DA:91,1
DA:92,1
DA:94,1
DA:96,1
DA:97,1
DA:99,1
DA:100,0
DA:101,0
DA:102,0
DA:103,0
DA:104,0
DA:105,0
DA:106,0
DA:107,0
DA:108,0
DA:109,0
DA:111,0
DA:112,0
DA:113,0
DA:115,0
DA:119,0
DA:128,1
DA:129,1
DA:131,1
DA:132,1
DA:134,1
DA:136,1
DA:137,1
DA:138,1
DA:140,1
DA:142,1
DA:143,1
DA:150,1
DA:152,1
DA:153,1
DA:155,1
DA:157,1
LF:73
LH:45
end_of_record
SF:lib/src/styles/textStyles.dart
DA:5,1
DA:6,1
DA:10,1
DA:14,2
DA:15,2
DA:19,2
DA:23,5
DA:24,5
DA:26,5
DA:32,6
DA:33,6
DA:35,6
DA:41,1
DA:42,1
DA:43,1
DA:48,2
DA:49,2
DA:50,2
DA:56,2
DA:57,2
DA:58,2
DA:63,1
DA:64,1
DA:70,0
DA:71,0
DA:72,0
DA:79,1
DA:80,1
LF:28
LH:25
end_of_record
SF:lib/src/widgets/button.dart
DA:9,3
DA:15,3
DA:16,3
DA:20,3
DA:22,3
DA:23,9
DA:24,3
DA:26,3
DA:27,6
DA:29,3
DA:32,6
DA:33,3
DA:34,3
DA:35,3
DA:37,3
LF:15
LH:15
end_of_record
SF:lib/src/widgets/textField.dart
DA:13,1
DA:21,1
DA:22,1
DA:26,1
DA:28,1
DA:29,3
DA:30,2
DA:31,2
DA:32,1
DA:33,2
DA:34,1
DA:35,1
DA:36,1
DA:37,1
DA:42,2
LF:15
LH:15
end_of_record
SF:lib/src/widgets/socialButton.dart
DA:7,1
DA:13,1
DA:14,1
DA:18,1
DA:20,1
DA:21,3
DA:23,1
DA:26,1
DA:27,2
DA:28,1
DA:29,1
DA:30,2
LF:12
LH:12
end_of_record
SF:lib/src/screens/authentication/reset.dart
DA:11,1
DA:12,1
DA:19,1
DA:21,1
DA:22,1
DA:24,1
DA:26,2
DA:27,1
DA:28,1
DA:29,1
DA:35,1
DA:36,1
DA:37,1
DA:38,1
DA:40,1
DA:42,1
DA:47,1
DA:48,1
DA:49,1
DA:50,1
DA:52,1
DA:55,1
DA:60,1
DA:61,2
DA:62,1
DA:65,0
DA:66,0
DA:69,1
DA:70,1
DA:71,1
DA:75,0
DA:79,0
DA:80,0
DA:88,0
DA:89,0
DA:90,0
LF:36
LH:28
end_of_record
SF:lib/src/widgets/header.dart
DA:8,4
DA:10,4
DA:11,4
DA:13,4
DA:15,4
DA:25,4
DA:27,4
DA:28,4
DA:32,4
DA:34,8
DA:35,2
DA:36,2
DA:37,2
DA:39,2
DA:40,1
DA:41,2
DA:42,1
DA:43,1
DA:45,0
DA:46,0
DA:50,2
LF:21
LH:19
end_of_record
SF:lib/src/screens/authentication/signup.dart
DA:19,1
DA:20,1
DA:32,1
DA:34,1
DA:35,1
DA:37,1
DA:38,1
DA:39,1
DA:41,1
DA:44,1
DA:45,1
DA:46,1
DA:47,1
DA:54,1
DA:55,1
DA:56,1
DA:57,1
DA:59,1
DA:61,1
DA:66,1
DA:67,1
DA:68,1
DA:69,1
DA:71,0
DA:72,0
DA:75,1
DA:76,1
DA:78,0
DA:79,0
DA:82,1
DA:83,1
DA:86,0
DA:87,0
DA:89,1
DA:90,1
DA:93,0
DA:94,0
DA:97,1
DA:98,1
DA:101,0
DA:102,0
DA:105,1
DA:106,1
DA:108,0
DA:109,0
DA:110,0
DA:112,0
DA:113,0
DA:114,0
DA:115,0
DA:117,0
DA:118,0
DA:120,0
DA:121,0
DA:123,0
DA:125,0
DA:126,0
DA:129,0
DA:133,1
DA:138,1
DA:139,2
DA:141,1
DA:142,1
DA:143,1
DA:145,1
DA:147,1
DA:148,1
DA:150,1
DA:151,0
DA:152,0
DA:153,0
DA:154,0
DA:155,0
DA:156,0
DA:157,0
DA:158,0
DA:159,0
DA:160,0
DA:162,0
DA:163,0
DA:164,0
DA:166,0
DA:170,0
DA:175,1
LF:84
LH:44
end_of_record
SF:lib/src/screens/checkout.dart
DA:21,2
DA:23,2
DA:24,2
DA:33,2
DA:35,4
DA:37,2
DA:38,4
DA:39,2
DA:42,2
DA:44,2
DA:45,2
DA:47,2
DA:48,2
DA:49,2
DA:51,2
DA:52,2
DA:53,4
DA:54,2
DA:56,2
DA:57,2
DA:58,2
DA:60,2
DA:62,2
DA:63,2
DA:64,2
DA:66,4
DA:67,0
DA:68,0
DA:69,0
DA:71,0
DA:73,0
DA:76,0
DA:77,0
DA:78,0
DA:79,0
DA:80,0
DA:82,0
DA:83,0
DA:86,0
DA:91,0
DA:92,0
DA:93,0
DA:95,0
DA:103,0
DA:105,0
DA:107,0
DA:108,0
DA:109,0
DA:110,0
DA:118,2
DA:120,2
DA:122,2
DA:124,2
DA:128,2
DA:129,2
DA:130,4
DA:131,2
DA:132,2
DA:133,4
DA:134,2
DA:136,2
DA:137,4
DA:138,2
DA:139,4
DA:140,4
DA:143,8
DA:146,2
DA:147,2
DA:151,2
DA:153,2
DA:156,2
DA:157,4
DA:158,2
DA:159,0
DA:161,3
DA:162,1
DA:163,1
DA:164,2
DA:165,2
DA:166,3
DA:167,1
DA:169,1
DA:173,1
DA:177,2
DA:178,2
DA:179,3
DA:180,1
LF:87
LH:63
end_of_record
SF:lib/src/services/braintreeService.dart
DA:9,0
DA:10,0
DA:13,0
DA:14,0
DA:17,0
DA:20,0
DA:21,0
DA:23,0
DA:25,0
LF:9
LH:0
end_of_record
SF:lib/src/utilities/payment.dart
DA:3,6
DA:8,6
LF:2
LH:2
end_of_record
SF:lib/src/screens/details.dart
DA:14,1
DA:15,1
DA:21,1
DA:23,1
DA:24,1
DA:25,2
DA:26,1
DA:27,2
DA:28,1
DA:29,1
DA:30,1
DA:31,1
DA:32,2
DA:33,0
DA:35,0
DA:37,1
DA:38,1
DA:40,1
DA:42,1
DA:43,1
DA:44,1
DA:45,1
DA:48,1
DA:49,3
DA:50,1
DA:51,1
DA:53,1
DA:54,1
DA:57,1
DA:58,1
DA:59,0
DA:65,1
DA:68,1
DA:73,1
DA:77,1
DA:79,1
DA:80,1
DA:83,1
DA:84,1
DA:86,1
DA:87,1
DA:89,1
DA:90,1
DA:92,0
DA:93,0
DA:96,1
DA:99,1
DA:101,0
DA:102,0
DA:103,0
DA:104,0
DA:105,0
DA:106,0
DA:108,0
DA:110,0
DA:114,0
DA:117,0
LF:57
LH:42
end_of_record
SF:lib/src/screens/favourites.dart
DA:10,1
DA:11,1
DA:17,1
DA:20,2
DA:21,2
DA:22,1
DA:25,1
DA:27,1
DA:29,1
DA:30,1
DA:31,1
DA:33,1
DA:34,1
DA:35,1
DA:36,1
DA:37,1
DA:38,1
DA:40,0
DA:41,0
DA:42,0
DA:44,0
DA:45,0
DA:46,0
DA:47,0
DA:48,0
DA:49,0
DA:50,0
DA:51,0
DA:52,0
DA:53,0
DA:54,0
DA:55,0
DA:56,0
DA:59,0
DA:60,0
DA:61,0
DA:62,0
DA:63,0
LF:38
LH:17
end_of_record
SF:lib/src/widgets/restaurantCard.dart
DA:17,0
DA:21,0
DA:22,0
DA:26,0
DA:28,0
DA:30,0
DA:31,0
DA:32,0
DA:33,0
DA:34,0
DA:35,0
DA:38,0
DA:40,0
DA:41,0
DA:42,0
DA:43,0
DA:48,0
DA:51,0
DA:52,0
DA:54,0
DA:56,0
DA:58,0
DA:60,0
DA:63,0
DA:64,0
DA:65,0
DA:66,0
DA:68,0
DA:69,0
DA:70,0
DA:72,0
DA:75,0
DA:76,0
DA:77,0
DA:78,0
DA:80,0
DA:82,0
DA:83,0
DA:85,0
DA:87,0
DA:88,0
DA:89,0
DA:91,0
DA:99,0
DA:101,0
DA:104,0
DA:105,0
DA:106,0
DA:107,0
DA:111,0
DA:113,0
DA:116,0
DA:117,0
DA:118,0
DA:119,0
DA:120,0
DA:121,0
DA:122,0
DA:123,0
DA:124,0
DA:125,0
DA:126,0
DA:127,0
DA:128,0
DA:129,0
DA:130,0
DA:131,0
DA:132,0
DA:133,0
DA:134,0
DA:138,0
DA:139,0
DA:140,0
DA:142,0
DA:145,0
DA:146,0
DA:147,0
LF:77
LH:0
end_of_record
SF:lib/src/screens/home.dart
DA:23,2
DA:24,2
DA:31,2
DA:33,2
DA:34,2
DA:35,4
DA:37,2
DA:38,2
DA:39,4
DA:40,2
DA:41,2
DA:42,7
DA:43,2
DA:44,0
DA:45,0
DA:47,1
DA:48,0
DA:49,0
DA:50,0
DA:51,0
DA:52,0
DA:53,0
DA:56,2
DA:59,2
DA:63,2
DA:64,4
DA:66,4
DA:68,4
DA:69,1
DA:70,2
DA:71,0
DA:72,0
DA:73,0
DA:74,0
DA:75,0
DA:79,0
DA:80,0
DA:82,0
DA:83,0
DA:86,0
DA:90,2
DA:92,2
DA:93,2
DA:94,2
DA:95,2
DA:97,2
DA:98,2
DA:100,2
DA:102,2
DA:103,2
DA:104,0
DA:105,0
DA:106,0
DA:107,0
DA:110,4
DA:111,2
DA:112,2
DA:115,2
DA:116,1
DA:117,1
DA:121,2
DA:122,2
DA:123,2
DA:126,2
DA:127,1
DA:128,1
DA:133,2
DA:135,2
DA:136,2
DA:137,2
DA:140,2
DA:141,1
DA:142,1
DA:146,2
DA:147,2
DA:148,2
DA:151,2
DA:152,1
DA:153,1
DA:161,2
DA:164,2
DA:166,4
DA:167,2
LF:83
LH:61
end_of_record
SF:lib/src/utilities/alerts.dart
DA:22,0
DA:23,0
DA:24,0
DA:25,0
DA:26,0
DA:30,0
DA:31,0
DA:32,0
DA:33,0
DA:35,0
DA:36,0
DA:37,0
DA:38,0
DA:39,0
DA:40,0
DA:41,0
DA:49,0
DA:50,0
DA:51,0
DA:52,0
DA:53,0
DA:56,0
DA:57,0
DA:58,0
DA:59,0
DA:61,0
DA:62,0
DA:63,0
DA:64,0
DA:65,0
DA:66,0
DA:67,0
DA:68,0
DA:70,0
DA:72,0
DA:73,0
DA:74,0
DA:75,0
DA:83,0
DA:84,0
DA:85,0
DA:86,0
DA:87,0
DA:88,0
DA:89,0
DA:90,0
DA:91,0
DA:92,0
DA:93,0
DA:97,0
DA:98,0
DA:99,0
DA:100,0
DA:101,0
DA:102,0
DA:103,0
DA:104,0
DA:105,0
DA:106,0
DA:107,0
DA:108,0
DA:109,0
DA:112,0
DA:113,0
DA:114,0
DA:115,0
DA:116,0
DA:117,0
DA:118,0
DA:120,0
DA:121,0
DA:123,0
DA:124,0
DA:125,0
DA:126,0
DA:127,0
DA:128,0
DA:136,0
DA:139,0
DA:140,0
DA:141,0
DA:142,0
DA:143,0
DA:144,0
DA:146,0
DA:147,0
DA:148,0
DA:149,0
DA:150,0
DA:151,0
DA:154,0
DA:156,0
DA:158,0
DA:159,0
DA:161,0
DA:163,0
DA:165,0
DA:167,0
DA:169,0
DA:174,0
DA:175,0
DA:176,0
DA:177,0
DA:178,0
DA:181,0
DA:182,0
DA:183,0
DA:185,0
DA:186,0
DA:187,0
DA:189,0
DA:190,0
DA:192,0
DA:194,0
DA:196,0
DA:200,0
DA:208,0
DA:209,0
DA:210,0
DA:211,0
DA:212,0
DA:213,0
DA:217,0
LF:123
LH:0
end_of_record
SF:lib/src/widgets/bigButton.dart
DA:9,2
DA:16,2
DA:17,2
DA:21,2
DA:23,2
DA:24,4
DA:25,2
DA:28,2
DA:29,2
DA:30,2
DA:31,4
DA:33,2
DA:39,2
DA:40,4
DA:46,2
DA:47,2
DA:48,2
DA:50,4
LF:18
LH:18
end_of_record
SF:lib/src/widgets/customBottomNavBar.dart
DA:9,3
DA:12,3
DA:15,3
DA:17,3
DA:19,3
DA:20,3
DA:21,3
DA:22,3
DA:23,3
DA:25,3
DA:26,6
DA:27,3
DA:28,3
DA:29,3
DA:31,6
DA:34,3
DA:35,3
DA:37,3
DA:38,3
DA:39,3
DA:40,3
DA:42,6
DA:43,2
DA:45,1
DA:46,1
DA:47,3
DA:48,3
DA:49,3
DA:51,6
DA:52,2
DA:54,1
DA:55,1
DA:56,3
DA:57,3
DA:58,3
DA:60,6
DA:61,1
DA:63,1
DA:64,1
LF:39
LH:39
end_of_record
SF:lib/src/utilities/enums.dart
DA:1,10
LF:1
LH:1
end_of_record
SF:lib/src/screens/joinOrders.dart
DA:14,1
DA:15,1
DA:21,1
DA:23,1
DA:24,1
DA:27,1
DA:28,2
DA:29,2
DA:32,1
DA:34,1
DA:35,1
DA:36,1
DA:37,1
DA:38,1
DA:39,1
DA:41,1
DA:43,2
DA:44,1
DA:45,1
DA:46,1
DA:47,1
DA:50,0
DA:52,0
DA:53,0
DA:54,0
DA:56,0
DA:58,0
DA:59,0
DA:61,0
DA:62,0
DA:65,0
DA:66,0
DA:67,0
DA:68,0
DA:69,0
DA:70,0
DA:71,0
DA:72,0
DA:73,0
DA:74,0
DA:75,0
LF:41
LH:21
end_of_record
SF:lib/src/screens/newOrder.dart
DA:20,1
DA:21,1
DA:59,1
DA:62,2
DA:63,2
DA:64,2
DA:65,2
DA:66,1
DA:67,1
DA:70,1
DA:72,1
DA:73,4
DA:76,0
DA:77,0
DA:78,0
DA:82,1
DA:83,2
DA:84,2
DA:87,0
DA:89,0
DA:90,0
DA:91,0
DA:93,0
DA:94,0
DA:95,0
DA:96,0
DA:97,0
DA:98,0
DA:101,0
DA:102,0
DA:106,0
DA:108,0
DA:110,0
DA:116,0
DA:117,0
DA:118,0
DA:119,0
DA:121,0
DA:122,0
DA:124,0
DA:126,0
DA:127,0
DA:128,0
DA:130,0
DA:134,1
DA:136,1
DA:137,0
DA:138,0
DA:139,0
DA:140,0
DA:141,0
DA:142,0
DA:146,0
DA:148,0
DA:150,0
DA:151,0
DA:152,0
DA:154,0
DA:157,0
DA:158,0
DA:159,0
DA:160,0
DA:161,0
DA:162,0
DA:163,0
DA:164,0
DA:166,0
DA:169,0
DA:170,0
DA:171,0
DA:172,0
DA:174,0
DA:175,0
DA:177,0
DA:178,0
DA:182,0
DA:183,0
DA:185,0
DA:188,0
DA:190,0
DA:192,0
DA:193,0
DA:194,0
DA:196,0
DA:197,0
DA:198,0
DA:200,0
DA:202,0
DA:204,0
DA:206,0
DA:207,0
DA:208,0
DA:209,0
DA:210,0
DA:211,0
DA:214,0
DA:215,0
DA:216,0
DA:218,0
DA:220,0
DA:222,0
DA:224,0
DA:225,0
DA:226,0
DA:227,0
DA:228,0
DA:229,0
DA:232,0
DA:233,0
DA:234,0
DA:236,0
DA:238,0
DA:241,0
DA:243,0
DA:244,0
DA:245,0
DA:246,0
DA:247,0
DA:248,0
DA:249,0
DA:250,0
DA:254,0
DA:255,0
DA:256,0
DA:258,0
DA:260,0
DA:263,0
DA:265,0
DA:270,0
DA:271,0
DA:272,0
DA:273,0
DA:274,0
DA:275,0
DA:276,0
DA:277,0
DA:278,0
DA:279,0
DA:284,0
DA:285,0
DA:286,0
DA:287,0
DA:288,0
DA:289,0
DA:290,0
DA:291,0
DA:295,0
DA:296,0
DA:297,0
DA:299,0
DA:301,0
DA:304,0
DA:306,0
DA:311,0
DA:312,0
DA:313,0
DA:314,0
DA:315,0
DA:316,0
DA:317,0
DA:318,0
DA:319,0
DA:320,0
DA:327,0
DA:328,0
DA:330,0
DA:331,0
DA:332,0
DA:333,0
DA:334,0
DA:343,1
DA:344,1
DA:345,1
DA:347,1
DA:348,1
DA:349,1
DA:350,1
DA:351,2
DA:353,0
DA:354,0
DA:355,0
DA:356,0
DA:357,0
DA:358,0
DA:359,0
DA:362,0
DA:363,0
DA:364,0
DA:368,0
DA:369,0
DA:370,0
DA:373,0
DA:374,0
DA:375,0
DA:380,0
DA:381,0
DA:382,0
DA:384,0
DA:385,0
DA:386,0
DA:387,0
DA:388,0
DA:389,0
DA:390,0
DA:391,0
DA:393,0
DA:396,0
DA:397,0
DA:398,0
DA:401,0
DA:402,0
DA:403,0
DA:405,0
DA:406,0
DA:407,0
DA:415,0
DA:416,0
DA:417,0
DA:418,0
DA:419,0
DA:420,0
DA:421,0
DA:422,0
DA:423,0
DA:424,0
DA:425,0
DA:426,0
DA:427,0
DA:438,1
DA:440,1
DA:441,2
DA:442,2
DA:443,1
LF:233
LH:30
end_of_record
SF:lib/src/utilities/filters.dart
DA:1,0
LF:1
LH:0
end_of_record
SF:lib/src/utilities/sortingOptions.dart
DA:3,0
DA:9,0
LF:2
LH:0
end_of_record
SF:lib/src/screens/orderSummary.dart
DA:14,3
DA:15,3
DA:19,3
DA:21,6
DA:23,3
DA:24,3
DA:25,6
DA:28,3
DA:29,6
DA:30,4
DA:33,3
DA:35,3
DA:36,3
DA:37,3
DA:39,3
DA:40,3
DA:41,6
DA:42,3
DA:44,0
DA:45,0
DA:47,0
DA:48,0
DA:49,0
DA:50,0
DA:52,0
DA:54,0
DA:55,0
DA:56,0
DA:57,0
DA:61,0
DA:62,0
DA:68,3
DA:69,3
DA:70,3
DA:72,3
DA:73,3
DA:74,3
DA:75,3
DA:77,3
DA:79,3
DA:80,6
DA:84,6
DA:90,3
DA:91,0
DA:92,3
DA:94,3
DA:95,3
DA:96,3
DA:97,3
DA:99,3
DA:102,3
DA:103,3
DA:105,3
DA:108,3
DA:109,3
DA:110,3
DA:112,6
DA:113,0
DA:115,0
DA:116,0
DA:117,0
DA:118,0
DA:121,3
DA:122,3
DA:124,3
DA:126,9
DA:127,6
DA:128,3
DA:130,3
DA:132,6
DA:133,3
DA:134,3
DA:136,3
DA:138,3
DA:139,3
DA:141,0
DA:142,0
DA:143,0
DA:144,0
DA:145,0
LF:80
LH:56
end_of_record
SF:lib/src/screens/recentOrders.dart
DA:13,1
DA:14,1
DA:21,1
DA:23,1
DA:24,1
DA:27,1
DA:28,2
DA:29,2
DA:32,1
DA:34,1
DA:36,2
DA:37,0
DA:40,1
DA:41,1
DA:42,1
DA:44,1
DA:45,1
DA:46,1
DA:47,1
DA:48,2
DA:50,0
DA:51,0
DA:53,0
DA:54,0
DA:55,0
DA:56,0
DA:57,0
DA:58,0
DA:59,0
DA:60,0
DA:61,0
DA:62,0
DA:63,0
DA:64,0
LF:34
LH:19
end_of_record
SF:lib/src/widgets/pastOrderCard.dart
DA:17,0
DA:19,0
DA:20,0
DA:21,0
DA:22,0
DA:23,0
DA:24,0
DA:27,0
DA:28,0
DA:32,0
DA:34,0
DA:36,0
DA:37,0
DA:39,0
DA:40,0
DA:41,0
DA:43,0
DA:45,0
DA:46,0
DA:47,0
DA:48,0
DA:52,0
DA:58,0
DA:59,0
DA:60,0
DA:61,0
DA:62,0
DA:63,0
DA:64,0
DA:65,0
DA:66,0
DA:67,0
DA:68,0
DA:72,0
DA:73,0
DA:74,0
DA:75,0
DA:78,0
DA:79,0
DA:80,0
DA:81,0
DA:82,0
DA:87,0
DA:89,0
DA:90,0
DA:91,0
DA:92,0
DA:93,0
DA:94,0
DA:96,0
DA:97,0
DA:99,0
DA:100,0
DA:101,0
DA:102,0
DA:105,0
DA:107,0
DA:108,0
DA:110,0
DA:112,0
DA:113,0
DA:114,0
DA:115,0
DA:120,0
DA:122,0
DA:125,0
DA:126,0
LF:67
LH:0
end_of_record
SF:lib/src/services/analyticsService.dart
DA:7,0
DA:8,0
DA:10,0
DA:11,0
LF:4
LH:0
end_of_record
SF:lib/src/services/notifications.dart
DA:12,0
DA:14,0
DA:20,0
DA:23,0
DA:27,0
DA:31,0
DA:32,0
DA:33,0
DA:34,0
DA:36,0
DA:40,0
DA:50,0
DA:51,0
LF:13
LH:0
end_of_record
SF:lib/src/utilities/time.dart
DA:2,2
DA:3,2
DA:4,2
DA:8,2
DA:9,4
DA:10,6
DA:12,3
LF:7
LH:7
end_of_record
SF:lib/src/widgets/foodCard.dart
DA:19,2
DA:28,2
DA:29,2
DA:33,2
DA:35,2
DA:36,2
DA:37,6
DA:39,2
DA:40,2
DA:41,2
DA:42,8
DA:43,1
DA:44,1
DA:45,2
DA:46,1
DA:47,2
DA:48,2
DA:49,2
DA:50,2
DA:51,2
DA:52,1
DA:54,2
DA:55,2
DA:56,2
DA:59,2
DA:60,2
DA:61,2
DA:62,2
DA:63,2
DA:67,2
DA:68,2
DA:69,2
DA:74,2
DA:75,2
DA:76,2
DA:77,2
DA:78,2
DA:80,6
DA:81,0
DA:82,0
DA:83,0
DA:86,2
DA:88,2
DA:90,2
DA:93,2
DA:94,2
DA:95,2
DA:97,2
DA:98,2
DA:99,4
DA:101,2
DA:105,2
DA:107,2
DA:108,8
DA:109,2
DA:123,2
DA:125,2
DA:126,8
DA:127,2
DA:131,1
DA:132,2
DA:133,2
DA:134,2
DA:135,2
DA:136,2
DA:140,2
DA:141,2
DA:143,2
DA:145,2
DA:147,2
DA:148,1
DA:149,1
DA:151,1
DA:153,1
DA:154,2
DA:155,1
DA:158,2
LF:77
LH:74
end_of_record
SF:lib/src/screens/track.dart
DA:17,2
DA:18,2
DA:40,2
DA:42,2
DA:43,6
DA:45,0
DA:47,2
DA:50,1
DA:51,2
DA:52,2
DA:53,2
DA:54,2
DA:55,2
DA:56,2
DA:57,1
DA:58,3
DA:59,1
DA:60,3
DA:61,1
DA:62,3
DA:66,2
DA:67,4
DA:68,1
DA:69,2
DA:70,2
DA:71,4
DA:72,2
DA:73,2
DA:74,2
DA:75,2
DA:76,0
DA:79,4
DA:80,2
DA:81,2
DA:82,2
DA:84,4
DA:85,2
DA:86,2
DA:88,4
DA:89,2
DA:90,2
DA:93,0
DA:94,0
DA:99,1
DA:100,1
DA:101,2
DA:102,1
DA:105,1
DA:106,1
DA:107,2
DA:108,1
DA:111,1
DA:112,1
DA:113,2
DA:114,1
DA:117,2
DA:118,2
DA:119,4
DA:120,2
DA:123,1
DA:124,1
DA:125,3
DA:126,4
DA:127,0
DA:128,0
DA:129,4
DA:131,3
DA:132,4
DA:134,3
DA:137,2
DA:139,4
DA:140,1
DA:141,4
DA:142,1
DA:143,4
DA:144,1
DA:146,2
DA:147,2
DA:149,5
DA:150,2
DA:151,2
DA:153,2
DA:155,2
DA:156,4
DA:157,1
DA:158,1
DA:159,1
DA:162,2
DA:163,2
DA:164,4
DA:165,2
DA:166,6
DA:167,2
DA:168,2
DA:169,2
DA:170,2
DA:175,2
DA:177,4
DA:178,2
DA:182,1
DA:183,2
DA:187,2
DA:190,2
DA:192,4
DA:193,2
LF:105
LH:99
end_of_record
SF:lib/src/screens/profile.dart
DA:15,1
DA:16,1
DA:24,1
DA:26,1
DA:28,1
DA:29,0
DA:30,0
DA:33,1
DA:35,1
DA:38,2
DA:40,1
DA:42,1
DA:45,1
DA:47,1
DA:48,1
DA:49,1
DA:50,1
DA:51,1
DA:52,1
DA:53,1
DA:55,0
DA:56,0
DA:57,0
DA:58,0
DA:62,0
DA:67,0
DA:68,0
DA:69,0
DA:71,0
DA:72,0
DA:73,0
DA:77,0
DA:80,0
DA:84,0
DA:90,1
DA:92,1
DA:93,1
DA:94,1
DA:95,1
DA:96,1
DA:98,2
DA:103,1
DA:104,1
DA:107,1
DA:108,1
DA:109,1
DA:110,1
DA:111,1
DA:112,0
DA:113,0
DA:115,1
DA:116,1
DA:117,1
DA:120,1
DA:122,1
DA:123,1
DA:124,1
DA:126,3
DA:128,1
DA:129,1
DA:133,1
DA:136,1
DA:137,1
DA:138,1
DA:139,1
DA:140,1
DA:141,1
DA:142,0
DA:144,0
DA:145,0
DA:146,0
DA:147,0
DA:149,0
DA:153,1
DA:154,1
DA:155,1
DA:158,1
DA:160,1
DA:161,1
DA:162,1
DA:164,3
DA:166,1
DA:167,1
DA:173,1
LF:84
LH:60
end_of_record
