SF:lib/src/providers/userLocator.dart
DA:15,2
DA:16,3
DA:17,2
DA:20,2
DA:21,2
DA:22,7
DA:23,6
DA:24,1
DA:25,1
DA:28,1
DA:29,1
DA:30,5
DA:31,1
DA:34,2
DA:35,2
DA:37,4
DA:38,7
DA:39,0
DA:40,0
DA:41,0
DA:43,4
DA:45,0
LF:22
LH:18
end_of_record
SF:lib/src/services/geolocatorService.dart
DA:4,1
DA:5,2
LF:2
LH:2
end_of_record
SF:lib/src/utilities/time.dart
DA:2,2
DA:3,2
DA:4,2
LF:3
LH:3
end_of_record
SF:lib/src/models/cart.dart
DA:9,1
DA:17,0
DA:18,0
DA:19,0
DA:20,0
DA:21,0
DA:22,0
DA:23,0
DA:24,0
DA:28,0
DA:29,0
DA:30,0
DA:31,0
DA:32,0
DA:33,0
DA:34,0
DA:47,0
DA:50,0
DA:51,0
DA:52,0
DA:53,0
DA:54,0
DA:55,0
DA:56,0
DA:57,0
DA:58,0
DA:61,0
DA:62,0
DA:63,0
DA:64,0
DA:65,0
DA:66,0
DA:67,0
DA:68,0
LF:34
LH:1
end_of_record
SF:lib/src/providers/cartProvider.dart
DA:27,0
DA:28,0
DA:30,0
DA:32,0
DA:34,0
DA:36,2
DA:38,0
DA:40,0
DA:42,0
DA:43,0
DA:44,0
DA:47,0
DA:48,0
DA:51,0
DA:52,0
DA:55,0
DA:56,0
DA:59,1
DA:60,2
DA:61,4
DA:62,1
DA:65,2
DA:66,3
DA:67,5
DA:68,7
DA:69,2
DA:71,2
DA:72,4
DA:73,2
DA:76,1
DA:79,1
DA:80,5
DA:81,2
DA:82,2
DA:83,1
DA:86,0
DA:87,0
DA:89,0
DA:90,0
DA:91,0
DA:93,0
DA:95,0
DA:97,0
DA:98,0
DA:99,0
DA:100,0
DA:103,0
DA:104,0
DA:105,0
DA:106,0
DA:107,0
DA:108,0
DA:109,0
DA:110,0
DA:111,0
DA:112,0
DA:115,0
DA:116,0
DA:117,0
DA:120,1
DA:121,1
DA:122,1
DA:123,2
DA:126,1
DA:127,5
DA:128,1
DA:133,2
DA:134,3
DA:138,1
DA:139,5
DA:140,0
DA:143,2
DA:145,1
DA:146,0
DA:148,7
DA:149,3
DA:152,1
DA:155,0
DA:156,0
DA:159,0
DA:160,0
DA:161,0
DA:162,0
DA:165,0
DA:167,0
DA:169,0
DA:170,0
DA:171,0
DA:172,0
DA:178,1
DA:179,1
DA:180,4
DA:181,9
DA:183,3
DA:184,1
DA:187,0
DA:188,0
DA:191,0
DA:192,0
DA:193,0
DA:194,0
DA:195,0
LF:102
LH:41
end_of_record
SF:lib/src/utilities/numbers.dart
DA:2,2
DA:3,6
LF:2
LH:2
end_of_record
SF:lib/src/services/firestoreCarts.dart
DA:9,0
DA:10,0
DA:11,0
DA:12,0
DA:13,0
DA:14,0
DA:15,0
DA:19,0
DA:20,0
DA:22,0
DA:26,0
DA:27,0
DA:30,0
DA:31,0
DA:32,0
DA:33,0
DA:34,0
DA:35,0
DA:36,0
DA:37,0
DA:38,0
LF:21
LH:0
end_of_record
SF:lib/src/styles/themeColors.dart
DA:4,4
DA:5,8
DA:6,4
DA:7,0
DA:8,8
DA:9,4
DA:10,8
DA:12,2
DA:13,2
DA:14,2
DA:15,2
LF:11
LH:10
end_of_record
SF:lib/src/services/userAuth.dart
DA:7,2
DA:10,0
DA:12,0
DA:14,0
DA:15,0
DA:19,0
DA:21,0
DA:22,3
DA:24,1
DA:26,2
DA:28,1
DA:31,3
DA:35,1
DA:36,1
DA:40,1
DA:43,5
DA:45,1
DA:47,1
DA:49,1
DA:51,1
DA:53,1
DA:56,3
DA:60,1
DA:61,1
LF:24
LH:18
end_of_record
SF:lib/src/providers/orderProvider.dart
DA:36,0
DA:37,0
DA:38,0
DA:39,0
DA:40,0
DA:41,0
DA:42,0
DA:43,0
DA:44,0
DA:46,0
DA:47,0
DA:48,0
DA:50,0
DA:51,0
DA:52,0
DA:55,0
DA:57,0
DA:58,0
DA:62,0
DA:63,0
DA:64,0
DA:65,0
DA:66,0
DA:67,0
DA:68,0
DA:69,0
DA:70,0
DA:71,0
DA:72,0
DA:74,0
DA:75,0
DA:76,0
DA:78,0
DA:80,0
DA:81,0
DA:82,0
DA:83,0
DA:84,0
DA:86,0
DA:87,0
DA:88,0
DA:89,0
DA:90,0
DA:91,0
DA:92,0
DA:93,0
DA:94,0
DA:95,0
DA:96,0
DA:97,0
DA:100,0
DA:101,0
DA:102,0
DA:103,0
DA:106,0
DA:107,0
DA:108,0
DA:109,0
DA:110,0
DA:111,0
DA:112,0
DA:113,0
DA:114,0
DA:115,0
DA:116,0
DA:117,0
DA:118,0
DA:119,0
DA:122,0
DA:123,0
DA:124,0
DA:125,0
DA:126,0
DA:127,0
DA:128,0
DA:129,0
DA:130,0
DA:131,0
DA:132,0
DA:133,0
DA:134,0
DA:137,0
DA:138,0
DA:139,0
DA:141,0
DA:142,0
DA:145,0
DA:146,0
DA:147,0
DA:148,0
DA:149,0
DA:150,0
DA:151,0
DA:152,0
DA:153,0
DA:154,0
DA:155,0
DA:156,0
DA:159,0
DA:160,0
DA:161,0
DA:162,0
DA:163,0
DA:164,0
DA:166,0
DA:167,0
DA:168,0
DA:169,0
DA:171,0
DA:172,0
DA:175,0
DA:178,0
DA:179,0
DA:180,0
DA:182,0
DA:184,0
DA:187,0
DA:188,0
DA:191,0
DA:192,0
DA:193,0
DA:195,0
DA:196,0
DA:197,0
DA:198,0
DA:199,0
DA:200,0
DA:201,0
DA:202,0
DA:203,0
DA:204,0
DA:205,0
DA:206,0
DA:209,0
DA:210,0
DA:211,0
DA:212,0
DA:215,0
DA:216,0
DA:217,0
DA:218,0
DA:221,0
DA:222,0
DA:223,0
DA:224,0
DA:227,0
DA:228,0
DA:229,0
DA:230,0
DA:233,1
DA:234,2
DA:235,2
DA:236,3
DA:239,0
DA:240,0
DA:241,0
DA:244,0
DA:245,0
DA:246,0
DA:247,0
DA:250,0
DA:251,0
DA:254,0
DA:256,0
DA:257,0
DA:258,0
DA:259,0
LF:167
LH:4
end_of_record
SF:lib/src/screens/track.dart
DA:17,2
DA:18,2
DA:40,2
DA:42,2
DA:43,6
DA:45,0
DA:47,2
DA:50,2
DA:51,4
DA:52,2
DA:53,2
DA:54,2
DA:55,2
DA:56,2
DA:57,1
DA:58,3
DA:59,1
DA:60,3
DA:61,1
DA:62,3
DA:66,2
DA:67,4
DA:68,4
DA:69,4
DA:70,2
DA:71,2
DA:73,4
DA:74,2
DA:75,2
DA:76,2
DA:78,4
DA:79,2
DA:80,2
DA:82,4
DA:83,2
DA:84,2
DA:87,0
DA:88,0
DA:93,1
DA:94,1
DA:95,2
DA:96,1
DA:99,1
DA:100,1
DA:101,2
DA:102,1
DA:105,1
DA:106,1
DA:107,2
DA:108,1
DA:111,2
DA:112,2
DA:113,4
DA:114,2
DA:117,1
DA:118,1
DA:119,5
DA:120,4
DA:121,0
DA:122,0
DA:123,4
DA:125,3
DA:126,4
DA:128,3
DA:131,2
DA:133,4
DA:134,1
DA:135,4
DA:136,1
DA:137,4
DA:138,1
DA:140,2
DA:141,2
DA:143,5
DA:144,2
DA:145,2
DA:147,2
DA:149,2
DA:150,4
DA:151,1
DA:152,1
DA:153,1
DA:156,2
DA:157,2
DA:158,4
DA:159,2
DA:160,6
DA:161,2
DA:162,2
DA:163,2
DA:164,2
DA:169,2
DA:171,4
DA:172,2
DA:176,1
DA:177,2
DA:181,2
DA:184,2
DA:186,4
DA:187,2
LF:100
LH:95
end_of_record
SF:lib/src/blocs/auth_blocs.dart
DA:10,0
DA:11,3
DA:13,0
DA:16,0
DA:17,0
DA:18,0
DA:19,0
DA:20,0
DA:24,0
DA:28,0
DA:29,0
DA:34,0
DA:35,0
LF:13
LH:1
end_of_record
SF:lib/src/models/order.dart
DA:18,0
DA:32,0
DA:33,0
DA:34,0
DA:35,0
DA:36,0
DA:37,0
DA:38,0
DA:39,0
DA:40,0
DA:41,0
DA:42,0
DA:43,0
DA:44,0
DA:48,0
DA:49,0
DA:50,0
DA:51,0
DA:52,0
DA:53,0
DA:54,0
DA:55,0
DA:56,0
DA:57,0
DA:58,0
DA:59,0
DA:60,0
LF:27
LH:0
end_of_record
SF:lib/src/models/rating.dart
DA:4,0
DA:13,0
DA:15,0
DA:16,0
DA:17,0
DA:18,0
DA:22,0
DA:23,0
DA:24,0
DA:25,0
DA:26,0
LF:11
LH:0
end_of_record
SF:lib/src/models/restaurant.dart
DA:14,0
DA:24,0
DA:25,0
DA:26,0
DA:27,0
DA:28,0
DA:29,0
DA:30,0
DA:31,0
DA:32,0
DA:33,0
DA:36,0
DA:37,0
DA:38,0
DA:39,0
DA:40,0
DA:41,0
DA:42,0
DA:43,0
DA:44,0
DA:45,0
DA:49,0
DA:50,0
DA:51,0
DA:52,0
DA:53,0
DA:54,0
DA:56,0
LF:28
LH:0
end_of_record
SF:lib/src/models/user.dart
DA:13,0
DA:22,0
DA:23,0
DA:24,0
DA:25,0
DA:26,0
DA:27,0
DA:28,0
DA:29,0
DA:33,0
DA:34,0
DA:35,0
DA:36,0
DA:37,0
DA:38,0
DA:39,0
LF:16
LH:0
end_of_record
SF:lib/src/services/firestoreOrders.dart
DA:12,0
DA:13,0
DA:14,0
DA:15,0
DA:16,0
DA:17,0
DA:21,0
DA:22,0
DA:26,0
DA:27,0
DA:28,0
DA:29,0
DA:30,0
DA:31,0
DA:32,0
DA:36,0
DA:38,0
DA:39,0
DA:40,0
DA:41,0
DA:42,0
DA:43,0
DA:44,0
DA:45,0
DA:46,0
DA:47,0
DA:50,0
DA:51,0
DA:52,0
DA:53,0
DA:54,0
DA:55,0
DA:56,0
DA:57,0
DA:58,0
DA:59,0
DA:60,0
DA:61,0
DA:62,0
DA:66,0
DA:67,0
DA:68,0
DA:70,0
DA:71,0
DA:72,0
DA:73,0
DA:77,0
DA:78,0
DA:79,0
DA:81,0
DA:82,0
DA:83,0
DA:84,0
DA:87,1
DA:88,1
DA:89,2
DA:91,1
DA:92,2
DA:93,1
DA:94,1
LF:60
LH:7
end_of_record
SF:lib/src/services/firestoreUsers.dart
DA:14,0
DA:15,0
DA:19,0
DA:20,0
DA:21,0
DA:22,0
DA:23,0
DA:24,0
DA:25,0
DA:29,0
DA:30,0
DA:32,0
DA:33,0
DA:34,0
DA:35,0
DA:38,0
DA:39,0
DA:41,0
DA:42,0
DA:43,0
DA:44,0
DA:48,0
DA:49,0
DA:50,0
DA:52,0
DA:53,0
DA:54,0
DA:55,0
DA:59,0
DA:60,0
DA:61,0
DA:62,0
DA:64,0
DA:65,0
DA:66,0
DA:67,0
DA:71,0
DA:72,0
DA:73,0
DA:74,0
DA:76,0
DA:77,0
DA:78,0
DA:79,0
DA:82,1
DA:83,3
DA:84,0
DA:88,0
DA:90,0
LF:49
LH:2
end_of_record
SF:lib/src/utilities/statusEnums.dart
DA:1,4
LF:1
LH:1
end_of_record
SF:lib/src/providers/ratingProvider.dart
DA:15,0
DA:21,0
DA:23,0
DA:27,0
DA:28,0
DA:29,0
DA:30,0
DA:32,0
DA:33,0
DA:34,0
DA:35,0
DA:36,0
LF:12
LH:0
end_of_record
SF:lib/src/services/firestoreRatings.dart
DA:8,0
DA:9,0
DA:12,0
DA:13,0
DA:17,0
DA:18,0
DA:19,0
DA:20,0
DA:21,0
DA:22,0
DA:23,0
DA:27,0
DA:29,0
DA:30,0
DA:31,0
DA:32,0
DA:33,0
DA:34,0
DA:35,0
LF:19
LH:0
end_of_record
SF:lib/src/providers/restaurantProvider.dart
DA:23,0
DA:24,0
DA:25,0
DA:26,0
DA:27,0
DA:28,0
DA:29,0
DA:30,0
DA:31,0
DA:32,0
DA:35,0
DA:36,0
DA:37,0
DA:41,0
DA:43,0
DA:44,0
DA:47,0
DA:48,0
DA:51,0
DA:52,0
DA:55,0
DA:56,0
DA:59,0
DA:60,0
DA:63,0
DA:65,0
DA:66,0
DA:67,0
DA:68,0
DA:72,0
DA:76,0
DA:77,0
DA:78,0
DA:80,0
DA:83,0
DA:84,0
DA:85,0
DA:86,0
DA:87,0
DA:88,0
DA:89,0
DA:91,0
DA:92,0
DA:93,0
DA:94,0
DA:95,0
DA:96,0
DA:97,0
DA:98,0
DA:99,0
DA:100,0
DA:103,0
DA:104,0
DA:105,0
DA:106,0
DA:107,0
DA:108,0
DA:109,0
DA:110,0
DA:111,0
DA:112,0
DA:115,0
DA:116,0
DA:119,0
DA:120,0
LF:65
LH:0
end_of_record
SF:lib/src/services/firestoreRestaurants.dart
DA:12,0
DA:13,0
DA:14,0
DA:15,0
DA:16,0
DA:17,0
DA:18,0
DA:21,0
DA:22,0
DA:24,0
DA:25,0
DA:27,0
DA:28,0
DA:30,0
DA:33,0
DA:35,0
DA:36,0
DA:40,0
DA:41,0
DA:42,0
DA:43,0
DA:46,0
DA:47,0
DA:48,0
DA:49,0
DA:50,0
DA:51,0
DA:52,0
DA:53,0
DA:54,0
DA:58,0
DA:59,0
DA:60,0
DA:61,0
DA:62,0
DA:63,0
DA:64,0
DA:65,0
DA:66,0
DA:67,0
DA:68,0
DA:71,0
DA:73,0
DA:74,0
DA:75,0
DA:76,0
DA:77,0
DA:78,0
DA:79,0
DA:80,0
DA:81,0
DA:82,0
DA:83,0
DA:84,0
DA:85,0
DA:86,0
DA:87,0
DA:88,0
DA:89,0
DA:90,0
DA:91,0
DA:92,0
DA:93,0
DA:94,0
DA:95,0
DA:96,0
DA:97,0
DA:98,0
DA:100,0
DA:101,0
DA:106,0
DA:107,0
DA:109,0
DA:110,0
DA:111,0
DA:112,0
DA:116,0
DA:117,0
LF:78
LH:0
end_of_record
SF:lib/src/styles/textStyles.dart
DA:5,0
DA:6,0
DA:10,0
DA:14,1
DA:15,1
DA:19,1
DA:23,2
DA:24,2
DA:26,2
DA:32,2
DA:33,2
DA:35,2
DA:41,0
DA:42,0
DA:43,0
DA:48,0
DA:49,0
DA:50,0
DA:56,0
DA:57,0
DA:58,0
DA:63,0
DA:64,0
DA:70,0
DA:71,0
DA:72,0
DA:79,0
DA:80,0
LF:28
LH:9
end_of_record
SF:lib/src/widgets/customBottomNavBar.dart
DA:9,2
DA:12,2
DA:15,2
DA:17,2
DA:19,2
DA:20,2
DA:21,2
DA:22,2
DA:23,2
DA:25,2
DA:26,4
DA:27,2
DA:28,2
DA:29,2
DA:31,4
DA:34,2
DA:35,2
DA:37,2
DA:38,2
DA:39,2
DA:40,2
DA:42,4
DA:43,1
DA:45,1
DA:46,1
DA:47,2
DA:48,2
DA:49,2
DA:51,4
DA:52,2
DA:54,1
DA:55,1
DA:56,2
DA:57,2
DA:58,2
DA:60,4
DA:61,1
DA:63,1
DA:64,1
LF:39
LH:39
end_of_record
SF:lib/src/utilities/enums.dart
DA:1,2
LF:1
LH:1
end_of_record
SF:lib/src/widgets/header.dart
DA:8,2
DA:10,2
DA:11,2
DA:13,2
DA:15,2
DA:25,2
DA:27,2
DA:28,2
DA:32,2
DA:34,4
DA:35,0
DA:36,0
DA:38,0
DA:39,0
DA:40,0
DA:41,0
DA:42,0
DA:44,0
DA:45,0
DA:49,2
LF:20
LH:11
end_of_record
SF:lib/src/services/notifications.dart
DA:12,0
DA:14,0
DA:20,0
DA:23,0
DA:27,0
DA:31,0
DA:32,0
DA:33,0
DA:34,0
DA:36,0
DA:40,0
DA:50,0
DA:51,0
LF:13
LH:0
end_of_record
SF:lib/src/utilities/alerts.dart
DA:22,0
DA:23,0
DA:24,0
DA:25,0
DA:26,0
DA:30,0
DA:31,0
DA:32,0
DA:33,0
DA:35,0
DA:36,0
DA:37,0
DA:38,0
DA:39,0
DA:40,0
DA:41,0
DA:49,0
DA:50,0
DA:51,0
DA:52,0
DA:53,0
DA:56,0
DA:57,0
DA:58,0
DA:59,0
DA:61,0
DA:62,0
DA:63,0
DA:64,0
DA:65,0
DA:66,0
DA:67,0
DA:68,0
DA:70,0
DA:72,0
DA:73,0
DA:74,0
DA:75,0
DA:83,0
DA:84,0
DA:85,0
DA:86,0
DA:87,0
DA:88,0
DA:89,0
DA:90,0
DA:91,0
DA:92,0
DA:93,0
DA:97,0
DA:98,0
DA:99,0
DA:100,0
DA:101,0
DA:102,0
DA:103,0
DA:104,0
DA:105,0
DA:106,0
DA:107,0
DA:108,0
DA:109,0
DA:112,0
DA:113,0
DA:114,0
DA:115,0
DA:116,0
DA:117,0
DA:118,0
DA:120,0
DA:121,0
DA:123,0
DA:124,0
DA:125,0
DA:126,0
DA:127,0
DA:128,0
DA:136,0
DA:139,0
DA:140,0
DA:141,0
DA:142,0
DA:143,0
DA:144,0
DA:146,0
DA:147,0
DA:148,0
DA:149,0
DA:150,0
DA:151,0
DA:154,0
DA:156,0
DA:158,0
DA:159,0
DA:161,0
DA:163,0
DA:165,0
DA:167,0
DA:169,0
DA:174,0
DA:175,0
DA:176,0
DA:177,0
DA:178,0
DA:181,0
DA:182,0
DA:183,0
DA:185,0
DA:186,0
DA:187,0
DA:189,0
DA:190,0
DA:192,0
DA:194,0
DA:196,0
DA:200,0
DA:208,0
DA:209,0
DA:210,0
DA:211,0
DA:212,0
DA:213,0
DA:217,0
LF:123
LH:0
end_of_record
SF:lib/src/screens/authentication/login.dart
DA:18,0
DA:19,0
DA:28,0
DA:30,0
DA:31,0
DA:33,0
DA:36,0
DA:39,0
DA:40,0
DA:41,0
DA:42,0
DA:43,0
DA:44,0
DA:45,0
DA:46,0
DA:47,0
DA:48,0
DA:51,0
DA:53,0
DA:54,0
DA:57,0
DA:59,0
DA:60,0
DA:61,0
DA:63,0
DA:67,0
DA:68,0
DA:69,0
DA:73,0
DA:74,0
DA:76,0
DA:77,0
DA:81,0
DA:82,0
DA:85,0
DA:86,0
DA:87,0
DA:88,0
DA:90,0
DA:92,0
DA:93,0
DA:96,0
DA:97,0
DA:100,0
DA:101,0
DA:102,0
DA:103,0
DA:104,0
DA:105,0
DA:107,0
DA:108,0
DA:111,0
DA:120,0
DA:121,0
DA:122,0
DA:123,0
DA:125,0
DA:127,0
DA:128,0
DA:130,0
DA:131,0
DA:132,0
DA:133,0
DA:134,0
DA:136,0
DA:137,0
DA:140,0
DA:149,0
DA:150,0
DA:152,0
DA:153,0
DA:155,0
DA:157,0
DA:158,0
DA:159,0
DA:161,0
DA:163,0
DA:164,0
DA:171,0
DA:173,0
DA:174,0
DA:176,0
DA:178,0
LF:83
LH:0
end_of_record
SF:lib/src/screens/home.dart
DA:21,1
DA:22,1
DA:28,1
DA:30,1
DA:31,1
DA:32,1
DA:33,2
DA:34,1
DA:35,4
DA:36,1
DA:37,0
DA:38,0
DA:40,1
DA:41,0
DA:42,0
DA:45,1
DA:48,1
DA:49,2
DA:51,2
DA:53,2
DA:54,0
DA:55,0
DA:56,0
DA:57,0
DA:58,0
DA:59,0
DA:60,0
DA:64,0
DA:65,0
DA:67,0
DA:68,0
DA:71,0
DA:75,1
DA:77,1
DA:78,1
DA:79,1
DA:80,1
DA:82,1
DA:83,1
DA:85,1
DA:88,1
DA:89,1
DA:91,2
DA:92,1
DA:93,1
DA:96,1
DA:97,0
DA:98,0
DA:102,1
DA:103,1
DA:104,1
DA:107,1
DA:108,0
DA:109,0
DA:114,1
DA:116,1
DA:117,1
DA:118,1
DA:121,1
DA:122,0
DA:123,0
DA:127,1
DA:128,1
DA:129,1
DA:132,1
DA:133,0
DA:134,0
DA:142,1
DA:145,1
DA:147,2
DA:148,1
LF:71
LH:47
end_of_record
SF:lib/src/screens/profile.dart
DA:15,1
DA:16,1
DA:24,1
DA:26,1
DA:28,1
DA:29,0
DA:30,0
DA:33,1
DA:35,1
DA:38,2
DA:40,1
DA:42,1
DA:45,1
DA:47,1
DA:48,1
DA:49,1
DA:50,1
DA:51,1
DA:52,1
DA:53,1
DA:55,0
DA:56,0
DA:59,0
DA:60,0
DA:61,0
DA:63,0
DA:64,0
DA:68,0
DA:73,1
DA:75,1
DA:76,1
DA:77,1
DA:78,1
DA:79,1
DA:81,2
DA:86,1
DA:87,1
DA:90,1
DA:91,1
DA:92,1
DA:93,1
DA:94,1
DA:95,0
DA:96,0
DA:98,1
DA:99,1
DA:100,1
DA:103,1
DA:105,1
DA:106,1
DA:107,1
DA:109,3
DA:111,1
DA:112,1
DA:116,1
DA:119,1
DA:120,1
DA:121,1
DA:122,1
DA:123,1
DA:124,1
DA:125,0
DA:127,0
DA:128,0
DA:129,0
DA:130,0
DA:132,0
DA:136,1
DA:137,1
DA:138,1
DA:141,1
DA:143,1
DA:144,1
DA:145,1
DA:147,3
DA:149,1
DA:150,1
DA:156,1
LF:78
LH:60
end_of_record
SF:lib/src/widgets/button.dart
DA:9,0
DA:15,0
DA:16,0
DA:20,0
DA:22,0
DA:23,0
DA:24,0
DA:26,0
DA:27,0
DA:29,0
DA:32,0
DA:33,0
DA:34,0
DA:35,0
DA:37,0
LF:15
LH:0
end_of_record
SF:lib/src/widgets/textField.dart
DA:13,0
DA:21,0
DA:22,0
DA:26,0
DA:28,0
DA:29,0
DA:30,0
DA:31,0
DA:32,0
DA:33,0
DA:34,0
DA:35,0
DA:36,0
DA:37,0
DA:42,0
LF:15
LH:0
end_of_record
SF:lib/src/widgets/socialButton.dart
DA:7,0
DA:13,0
DA:14,0
DA:18,0
DA:20,0
DA:21,0
DA:23,0
DA:26,0
DA:27,0
DA:28,0
DA:29,0
DA:30,0
LF:12
LH:0
end_of_record
SF:lib/src/widgets/bigButton.dart
DA:9,1
DA:16,1
DA:17,1
DA:21,1
DA:23,1
DA:24,2
DA:25,1
DA:28,1
DA:29,1
DA:30,1
DA:31,2
DA:33,1
DA:39,1
DA:40,2
DA:46,1
DA:47,1
DA:48,1
DA:50,2
LF:18
LH:18
end_of_record
